Arguments: 
  /Users/dengyi/.nvm/versions/node/v8.12.0/bin/node /usr/local/Cellar/yarn/1.5.1_1/libexec/bin/yarn.js add electron-compile electron-squirrel-startup

PATH: 
  /Users/dengyi/.cargo/bin:/Users/dengyi/.nvm/versions/node/v8.12.0/bin:/Users/dengyi/Documents/Developments/gopath/bin:/Users/dengyi/Documents/applications/protoc-3.4.0-osx-x86_64/bin:/Users/dengyi/Documents/applications/pypy2-v5.8.0-osx64/bin:/Users/dengyi/.rbenv/shims:/Users/dengyi/.rbenv/bin:/opt/local/bin:/opt/local/sbin:/Applications/anaconda/bin:/Users/dengyi/anaconda/bin:/usr/local/bin:/usr/bin:/bin:/usr/sbin:/sbin:/Applications/VirtualBox.app/Contents/MacOS:/Library/TeX/texbin:/usr/local/go/bin:/Users/dengyi/.cargo/bin:/Users/dengyi/Documents/Developments/gopath/bin:/Users/dengyi/Documents/applications/protoc-3.4.0-osx-x86_64/bin:/Users/dengyi/Documents/applications/pypy2-v5.8.0-osx64/bin:/Users/dengyi/.rbenv/shims:/Users/dengyi/.rbenv/bin:/opt/local/bin:/opt/local/sbin:/Applications/anaconda/bin:/Users/dengyi/anaconda/bin

Yarn version: 
  1.5.1

Node version: 
  8.12.0

Platform: 
  darwin x64

npm manifest: 
  {
    "name": "hyperledger-fabric-desktop-demo",
    "productName": "hyperledger-fabric-desktop-demo",
    "version": "1.0.0",
    "description": "My Electron application description",
    "main": "src/index.js",
    "scripts": {
      "start": "electron-forge start",
      "package": "electron-forge package",
      "make": "electron-forge make",
      "publish": "electron-forge publish",
      "lint": "echo \"No linting configured\""
    },
    "keywords": [],
    "author": "dengyi",
    "license": "MIT",
    "config": {
      "forge": {
        "make_targets": {
          "win32": [
            "squirrel"
          ],
          "darwin": [
            "zip"
          ],
          "linux": [
            "deb",
            "rpm"
          ]
        },
        "electronPackagerConfig": {
          "packageManager": "yarn"
        },
        "electronWinstallerConfig": {
          "name": "hyperledger_fabric_desktop_demo"
        },
        "electronInstallerDebian": {},
        "electronInstallerRedhat": {},
        "github_repository": {
          "owner": "",
          "name": ""
        },
        "windowsStoreConfig": {
          "packageName": "",
          "name": "hyperledgerfabricdesktopdemo"
        }
      }
    }
  }

yarn manifest: 
  No manifest

Lockfile: 
  No lockfile

Trace: 
  Error: https://registry.yarnpkg.com/electron-compile: ETIMEDOUT
      at Timeout._onTimeout (/usr/local/Cellar/yarn/1.5.1_1/libexec/lib/cli.js:133094:19)
      at ontimeout (timers.js:498:11)
      at tryOnTimeout (timers.js:323:5)
      at Timer.listOnTimeout (timers.js:290:5)
